  ServerMain.cpp
c:\users\usuario\desktop\proyectos\multijugador\chatserver\chatserver\servermain.cpp(88): warning C4477: 'printf' : format string '%s' requires an argument of type 'char *', but variadic argument 1 has type 'std::string'
c:\users\usuario\desktop\proyectos\multijugador\chatserver\chatserver\servermain.cpp(90): error C2676: binary '[': 'std::list<User,std::allocator<_Ty>>' does not define this operator or a conversion to a type acceptable to the predefined operator
          with
          [
              _Ty=User
          ]
c:\users\usuario\desktop\proyectos\multijugador\chatserver\chatserver\servermain.cpp(90): warning C4129: 'E': unrecognized character escape sequence
c:\users\usuario\desktop\proyectos\multijugador\chatserver\chatserver\servermain.cpp(90): warning C4129: '(': unrecognized character escape sequence
c:\users\usuario\desktop\proyectos\multijugador\chatserver\chatserver\servermain.cpp(104): error C2676: binary '[': 'std::list<User,std::allocator<_Ty>>' does not define this operator or a conversion to a type acceptable to the predefined operator
          with
          [
              _Ty=User
          ]
c:\users\usuario\desktop\proyectos\multijugador\chatserver\chatserver\servermain.cpp(104): warning C4473: 'printf' : not enough arguments passed for format string
  c:\users\usuario\desktop\proyectos\multijugador\chatserver\chatserver\servermain.cpp(104): note: placeholders and their parameters expect 2 variadic arguments, but 1 were provided
  c:\users\usuario\desktop\proyectos\multijugador\chatserver\chatserver\servermain.cpp(104): note: the missing variadic argument 2 is required by format string '%s'
c:\users\usuario\desktop\proyectos\multijugador\chatserver\chatserver\servermain.cpp(106): error C3867: 'std::list<User,std::allocator<_Ty>>::size': non-standard syntax; use '&' to create a pointer to member
          with
          [
              _Ty=User
          ]
c:\users\usuario\desktop\proyectos\multijugador\chatserver\chatserver\servermain.cpp(106): error C2446: '<': no conversion from 'unsigned int (__thiscall std::list<User,std::allocator<_Ty>>::* )(void) noexcept const' to 'int'
          with
          [
              _Ty=User
          ]
  c:\users\usuario\desktop\proyectos\multijugador\chatserver\chatserver\servermain.cpp(106): note: There is no context in which this conversion is possible
c:\users\usuario\desktop\proyectos\multijugador\chatserver\chatserver\servermain.cpp(108): error C2059: syntax error: ','
c:\users\usuario\desktop\proyectos\multijugador\chatserver\chatserver\servermain.cpp(109): error C2143: syntax error: missing ';' before '{'
